Build started 04/03/2015 18:59:31.
     1>Project "D:\Sources\perso\ToneWheelSine\Builds\VisualStudio2013\ToneWheelSine.vcxproj" on node 2 (Build target(s)).
     1>ClCompile:
         C:\Program Files (x86)\Microsoft Visual Studio 12.0\VC\bin\CL.exe /c /I..\..\JuceLibraryCode /ID:\Sources\perso\drowaudio /ID:\Sources\perso\JUCE\JUCE\modules /ID:\SDK\VST3SDK /ZI /nologo /W4 /WX- /MP /Od /Oy- /D WIN32 /D _WINDOWS /D DEBUG /D _DEBUG /D JUCER_VS2013_78A5020=1 /D JUCE_APP_VERSION=1.0.0 /D JUCE_APP_VERSION_HEX=0x10000 /D _WINDLL /Gm- /EHsc /MDd /GS /fp:precise /Zc:wchar_t /Zc:forScope /GR /Fo"Debug\\" /Fd"Debug\\vc120.pdb" /Gd /TP /analyze- /errorReport:prompt ..\..\Source\PluginProcessor.cpp ..\..\Source\PluginEditor.cpp
         PluginProcessor.cpp
         PluginEditor.cpp
     1>d:\sources\perso\tonewheelsine\source\pluginprocessor.h(69): error C2146: syntax error : missing ';' before identifier 'getOscillo' (..\..\Source\PluginEditor.cpp)
     1>d:\sources\perso\tonewheelsine\source\pluginprocessor.h(69): error C2146: syntax error : missing ';' before identifier 'getOscillo' (..\..\Source\PluginProcessor.cpp)
     1>d:\sources\perso\tonewheelsine\source\pluginprocessor.h(69): error C4430: missing type specifier - int assumed. Note: C++ does not support default-int (..\..\Source\PluginEditor.cpp)
     1>d:\sources\perso\tonewheelsine\source\pluginprocessor.h(69): error C4430: missing type specifier - int assumed. Note: C++ does not support default-int (..\..\Source\PluginProcessor.cpp)
     1>d:\sources\perso\tonewheelsine\source\pluginprocessor.h(69): warning C4183: 'getOscillo': missing return type; assumed to be a member function returning 'int' (..\..\Source\PluginEditor.cpp)
     1>d:\sources\perso\tonewheelsine\source\pluginprocessor.h(69): warning C4183: 'getOscillo': missing return type; assumed to be a member function returning 'int' (..\..\Source\PluginProcessor.cpp)
     1>d:\sources\perso\tonewheelsine\source\pluginprocessor.h(73): error C2143: syntax error : missing ';' before '*' (..\..\Source\PluginEditor.cpp)
     1>d:\sources\perso\tonewheelsine\source\pluginprocessor.h(73): error C2143: syntax error : missing ';' before '*' (..\..\Source\PluginProcessor.cpp)
     1>d:\sources\perso\tonewheelsine\source\pluginprocessor.h(73): error C4430: missing type specifier - int assumed. Note: C++ does not support default-int (..\..\Source\PluginEditor.cpp)
     1>d:\sources\perso\tonewheelsine\source\pluginprocessor.h(73): error C4430: missing type specifier - int assumed. Note: C++ does not support default-int (..\..\Source\PluginProcessor.cpp)
     1>d:\sources\perso\tonewheelsine\source\plugineditor.cpp(23): error C2039: 'oscillo' : is not a member of 'ToneWheelSineAudioProcessor'
                 d:\sources\perso\tonewheelsine\source\pluginprocessor.h(22) : see declaration of 'ToneWheelSineAudioProcessor'
     1>d:\sources\perso\tonewheelsine\source\pluginprocessor.cpp(170): error C2143: syntax error : missing ';' before '*'
     1>d:\sources\perso\tonewheelsine\source\pluginprocessor.cpp(170): error C4430: missing type specifier - int assumed. Note: C++ does not support default-int
     1>d:\sources\perso\tonewheelsine\source\pluginprocessor.cpp(171): error C2065: 'oscillo' : undeclared identifier
     1>Done Building Project "D:\Sources\perso\ToneWheelSine\Builds\VisualStudio2013\ToneWheelSine.vcxproj" (Build target(s)) -- FAILED.

Build FAILED.

Time Elapsed 00:00:02.61
